{
  "RSpec": {
    "coverage": {
      "/Users/dangle/Documents/points_transaction/app/controllers/api/v1/transactions_controller.rb": {
        "lines": [
          null,
          null,
          1,
          1,
          1,
          1,
          null,
          1,
          4,
          4,
          null,
          4,
          2,
          null,
          null,
          2,
          null,
          null,
          null,
          null,
          1,
          4,
          null,
          4,
          6,
          null,
          null,
          4,
          4,
          null,
          4,
          2,
          2,
          null,
          null,
          2,
          2,
          null,
          null,
          null,
          1,
          null,
          1,
          0,
          0,
          0,
          0,
          0,
          0,
          null,
          null,
          1,
          4,
          4,
          20,
          null,
          null,
          4,
          4,
          4,
          null,
          null,
          null,
          null
        ]
      },
      "/Users/dangle/Documents/points_transaction/app/controllers/application_controller.rb": {
        "lines": [
          null,
          null,
          1,
          null
        ]
      },
      "/Users/dangle/Documents/points_transaction/app/models/transaction.rb": {
        "lines": [
          null,
          null,
          null,
          null,
          null,
          null,
          null,
          null,
          null,
          null,
          null,
          null,
          null,
          1,
          1,
          1,
          1,
          null
        ]
      },
      "/Users/dangle/Documents/points_transaction/app/models/application_record.rb": {
        "lines": [
          null,
          null,
          1,
          1,
          null
        ]
      },
      "/Users/dangle/Documents/points_transaction/app/mailers/application_mailer.rb": {
        "lines": [
          null,
          null,
          0,
          0,
          0,
          0
        ],
        "branches": {
        }
      },
      "/Users/dangle/Documents/points_transaction/app/jobs/application_job.rb": {
        "lines": [
          null,
          null,
          0,
          null,
          null,
          null,
          null,
          null,
          0
        ],
        "branches": {
        }
      },
      "/Users/dangle/Documents/points_transaction/app/helpers/api/v1/transactions_helper.rb": {
        "lines": [
          null,
          null,
          0,
          0,
          0,
          0,
          0,
          0
        ],
        "branches": {
        }
      },
      "/Users/dangle/Documents/points_transaction/app/helpers/application_helper.rb": {
        "lines": [
          null,
          null,
          0,
          0
        ],
        "branches": {
        }
      },
      "/Users/dangle/Documents/points_transaction/app/channels/application_cable/connection.rb": {
        "lines": [
          null,
          null,
          0,
          0,
          0,
          0
        ],
        "branches": {
        }
      },
      "/Users/dangle/Documents/points_transaction/app/channels/application_cable/channel.rb": {
        "lines": [
          null,
          null,
          0,
          0,
          0,
          0
        ],
        "branches": {
        }
      }
    },
    "timestamp": 1725972973
  }
}
